{
  "RSpec": {
    "coverage": {
      "/Users/sajjad/work/bowling_game/lib/bowling_game.rb": {
        "lines": [
          null,
          null,
          null,
          null,
          1,
          null,
          1,
          null,
          null,
          null,
          1,
          1,
          1,
          1
        ]
      },
      "/Users/sajjad/work/bowling_game/lib/bowling_game/frame.rb": {
        "lines": [
          null,
          null,
          1,
          1,
          null,
          null,
          1,
          1,
          null,
          1,
          null,
          1,
          192,
          null,
          null,
          null,
          null,
          1,
          93,
          null,
          null,
          null,
          null,
          1,
          91,
          null,
          null,
          null,
          null,
          1,
          39,
          null,
          null,
          null,
          null,
          1,
          1,
          null,
          null,
          null,
          null,
          null,
          1,
          71,
          null,
          null,
          null,
          null,
          1,
          1,
          82,
          82,
          null,
          null,
          1,
          null,
          1,
          82,
          null,
          81,
          null,
          1,
          null,
          null,
          null,
          null,
          1,
          1,
          34,
          34,
          null,
          null,
          1,
          57,
          null,
          null,
          1,
          1,
          null,
          null,
          1,
          null,
          1,
          34,
          null,
          2,
          null,
          null,
          null,
          null,
          1,
          1,
          33,
          33,
          null,
          null,
          1,
          27,
          null,
          null,
          1,
          1,
          null,
          null,
          1,
          null,
          1,
          33,
          null,
          3,
          null,
          null,
          null,
          null,
          1,
          1,
          36,
          36,
          null,
          null,
          1,
          26,
          null,
          null,
          1,
          11,
          null,
          null,
          null,
          1,
          1,
          null,
          null,
          null,
          1,
          12,
          null,
          null,
          1,
          null,
          1,
          36,
          null,
          35,
          2,
          11,
          22,
          null,
          null,
          null,
          1,
          36,
          null,
          null,
          1,
          2,
          null,
          1,
          null,
          null,
          1,
          11,
          2,
          9,
          1,
          null,
          null,
          null,
          1,
          22,
          12,
          10,
          9,
          null,
          1,
          null,
          null,
          null,
          1,
          2,
          null,
          0,
          null,
          null,
          1,
          9,
          null,
          0,
          null,
          null,
          1,
          12,
          12,
          null,
          null,
          12,
          null,
          null,
          null,
          8,
          null,
          1,
          null,
          null,
          1,
          33,
          null,
          null,
          1,
          10,
          null,
          null,
          null,
          null
        ]
      },
      "/Users/sajjad/work/bowling_game/lib/bowling_game/bowling_scorer.rb": {
        "lines": [
          null,
          null,
          1,
          null,
          null,
          null,
          1,
          1,
          null,
          1,
          null,
          1,
          21,
          null,
          null,
          null,
          null,
          1,
          20,
          null,
          20,
          103,
          null,
          null,
          20,
          null,
          null,
          1,
          null,
          null,
          null,
          null,
          null,
          1,
          103,
          103,
          null,
          103,
          null,
          null,
          null,
          null,
          null,
          null,
          1,
          103,
          62,
          null,
          56,
          56,
          null,
          null,
          null,
          null,
          null,
          null,
          1,
          56,
          56,
          null,
          56,
          null,
          56,
          68,
          68,
          68,
          68,
          null,
          null,
          56,
          null,
          null,
          null,
          null,
          null,
          1,
          62,
          null,
          null,
          null
        ]
      },
      "/Users/sajjad/work/bowling_game/lib/bowling_game/game.rb": {
        "lines": [
          null,
          null,
          1,
          null,
          null,
          1,
          1,
          1,
          null,
          1,
          null,
          1,
          24,
          24,
          null,
          null,
          null,
          null,
          null,
          1,
          95,
          88,
          null,
          87,
          87,
          87,
          null,
          87,
          null,
          null,
          null,
          null,
          1,
          5,
          null,
          null,
          null,
          null,
          1,
          91,
          null,
          null,
          null,
          null,
          1,
          3,
          null,
          null,
          1,
          null,
          null,
          null,
          null,
          1,
          87,
          7,
          80,
          13,
          67,
          15,
          null,
          52,
          null,
          null,
          null,
          null,
          null,
          1,
          177,
          null,
          null,
          null,
          null,
          null,
          1,
          80,
          null,
          null,
          null,
          null,
          null,
          1,
          67,
          null,
          null,
          null,
          null,
          null,
          1,
          95,
          94,
          93,
          null,
          90,
          null,
          83,
          null,
          null,
          null,
          null,
          null,
          1,
          268,
          null,
          null,
          null,
          null,
          null,
          1,
          83,
          null,
          82,
          null,
          1,
          null,
          null,
          null,
          null,
          1,
          88,
          null,
          null,
          null
        ]
      },
      "/Users/sajjad/work/bowling_game/lib/bowling_game/convenience.rb": {
        "lines": [
          null,
          null,
          1,
          null,
          null,
          1,
          null,
          null,
          null,
          null,
          null,
          1,
          0,
          null,
          0,
          0,
          0,
          null,
          null,
          null,
          null,
          null,
          1,
          0,
          null,
          0,
          0,
          0,
          null,
          null,
          1,
          0,
          0,
          0,
          null,
          0,
          0,
          null,
          null,
          null,
          null
        ]
      }
    },
    "timestamp": 1757054419
  }
}
